1610885326560	geckodriver	INFO	Listening on 127.0.0.1:38935
1610885326568	mozrunner::runner	INFO	Running command: "/usr/bin/firefox" "--marionette" "-foreground" "-no-remote" "-profile" "/tmp/rust_mozprofileDza4DB"
console.warn: SearchSettings: "get: No settings file exists, new profile?" (new Error("", "(unknown module)"))
1610885330647	Marionette	INFO	Listening on port 41817
1610885330737	Marionette	WARN	TLS certificate errors will be ignored for this session
1610892355016	Marionette	INFO	Stopped listening on port 41817
1610892805379	geckodriver	INFO	Listening on 127.0.0.1:60283
1610892805384	mozrunner::runner	INFO	Running command: "/usr/bin/firefox" "--marionette" "-foreground" "-no-remote" "-profile" "/tmp/rust_mozprofiletBPZdj"
console.warn: SearchSettings: "get: No settings file exists, new profile?" (new Error("", "(unknown module)"))
1610892808178	Marionette	INFO	Listening on port 40475
1610892808244	Marionette	WARN	TLS certificate errors will be ignored for this session
1610892924101	geckodriver	INFO	Listening on 127.0.0.1:59177
1610892924106	mozrunner::runner	INFO	Running command: "/usr/bin/firefox" "--marionette" "-foreground" "-no-remote" "-profile" "/tmp/rust_mozprofiledkmpMC"
console.warn: SearchSettings: "get: No settings file exists, new profile?" (new Error("", "(unknown module)"))
1610892927072	Marionette	INFO	Listening on port 43883
1610892927139	Marionette	WARN	TLS certificate errors will be ignored for this session
1610892939950	Marionette	INFO	Stopped listening on port 43883

###!!! [Parent][RunMessage] Error: Channel closing: too late to send/recv, messages will be lost

1610892986879	geckodriver	INFO	Listening on 127.0.0.1:41587
1610892986888	mozrunner::runner	INFO	Running command: "/usr/bin/firefox" "--marionette" "-foreground" "-no-remote" "-profile" "/tmp/rust_mozprofileVmM371"
console.warn: SearchSettings: "get: No settings file exists, new profile?" (new Error("", "(unknown module)"))
1610892989567	Marionette	INFO	Listening on port 35043
1610892989622	Marionette	WARN	TLS certificate errors will be ignored for this session
1610893005574	Marionette	INFO	Stopped listening on port 40475

###!!! [Parent][RunMessage] Error: Channel closing: too late to send/recv, messages will be lost

1610893007694	Marionette	INFO	Stopped listening on port 35043

###!!! [Parent][RunMessage] Error: Channel closing: too late to send/recv, messages will be lost

1610894092812	geckodriver	INFO	Listening on 127.0.0.1:58003
1610894092818	mozrunner::runner	INFO	Running command: "/usr/bin/firefox" "--marionette" "-foreground" "-no-remote" "-profile" "/tmp/rust_mozprofilex07J8W"
console.warn: SearchSettings: "get: No settings file exists, new profile?" (new Error("", "(unknown module)"))
1610894096373	Marionette	INFO	Listening on port 45017
1610894096466	Marionette	WARN	TLS certificate errors will be ignored for this session
1610894114589	Marionette	INFO	Stopped listening on port 45017

###!!! [Parent][RunMessage] Error: Channel closing: too late to send/recv, messages will be lost

1610894581836	geckodriver	INFO	Listening on 127.0.0.1:36249
1610894581841	mozrunner::runner	INFO	Running command: "/usr/bin/firefox" "--marionette" "-foreground" "-no-remote" "-profile" "/tmp/rust_mozprofileLFn8Uu"
console.warn: SearchSettings: "get: No settings file exists, new profile?" (new Error("", "(unknown module)"))
1610894584449	Marionette	INFO	Listening on port 39345
1610894584582	Marionette	WARN	TLS certificate errors will be ignored for this session
1610894602474	Marionette	INFO	Stopped listening on port 39345

###!!! [Parent][RunMessage] Error: Channel closing: too late to send/recv, messages will be lost

1610894625332	geckodriver	INFO	Listening on 127.0.0.1:36903
1610894625337	mozrunner::runner	INFO	Running command: "/usr/bin/firefox" "--marionette" "-foreground" "-no-remote" "-profile" "/tmp/rust_mozprofilebykXGP"
console.warn: SearchSettings: "get: No settings file exists, new profile?" (new Error("", "(unknown module)"))
1610894627920	Marionette	INFO	Listening on port 44413
1610894627967	Marionette	WARN	TLS certificate errors will be ignored for this session
1610894655749	Marionette	INFO	Stopped listening on port 44413
1610894713643	geckodriver	INFO	Listening on 127.0.0.1:36953
1610894713648	mozrunner::runner	INFO	Running command: "/usr/bin/firefox" "--marionette" "-foreground" "-no-remote" "-profile" "/tmp/rust_mozprofileYHNBw5"
console.warn: SearchSettings: "get: No settings file exists, new profile?" (new Error("", "(unknown module)"))
1610894716159	Marionette	INFO	Listening on port 39787
1610894716292	Marionette	WARN	TLS certificate errors will be ignored for this session
Handler function threw an exception: [Exception... "Component returned failure code: 0x80040111 (NS_ERROR_NOT_AVAILABLE) [nsIHttpChannelInternal.remoteAddress]"  nsresult: "0x80040111 (NS_ERROR_NOT_AVAILABLE)"  location: "JS frame :: resource://devtools/server/actors/network-monitor/network-observer.js :: _onResponseHeader :: line 1163"  data: no]
Stack: _onResponseHeader@resource://devtools/server/actors/network-monitor/network-observer.js:1163:5
_dispatchActivity@resource://devtools/server/actors/network-monitor/network-observer.js:629:14
NetworkObserver.prototype.observeActivity<@resource://devtools/server/actors/network-monitor/network-observer.js:738:12
exports.makeInfallible/<@resource://devtools/shared/ThreadSafeDevToolsUtils.js:103:22
Line: 1163, column: 0
console.error: ({})
Handler function threw an exception: TypeError: undefined has no properties
Stack: _getWaitTiming@resource://devtools/server/actors/network-monitor/network-observer.js:1262:1
_setupHarTimings@resource://devtools/server/actors/network-monitor/network-observer.js:1487:28
_onTransactionClose@resource://devtools/server/actors/network-monitor/network-observer.js:1210:27
_dispatchActivity@resource://devtools/server/actors/network-monitor/network-observer.js:632:14
NetworkObserver.prototype.observeActivity<@resource://devtools/server/actors/network-monitor/network-observer.js:738:12
exports.makeInfallible/<@resource://devtools/shared/ThreadSafeDevToolsUtils.js:103:22
Line: 1262, column: 1
console.error: (new TypeError("undefined has no properties", "resource://devtools/server/actors/network-monitor/network-observer.js", 1262))
Handler function threw an exception: [Exception... "Component returned failure code: 0x80040111 (NS_ERROR_NOT_AVAILABLE) [nsIHttpChannelInternal.remoteAddress]"  nsresult: "0x80040111 (NS_ERROR_NOT_AVAILABLE)"  location: "JS frame :: resource://devtools/server/actors/network-monitor/network-observer.js :: _onResponseHeader :: line 1163"  data: no]
Stack: _onResponseHeader@resource://devtools/server/actors/network-monitor/network-observer.js:1163:5
_dispatchActivity@resource://devtools/server/actors/network-monitor/network-observer.js:629:14
NetworkObserver.prototype.observeActivity<@resource://devtools/server/actors/network-monitor/network-observer.js:738:12
exports.makeInfallible/<@resource://devtools/shared/ThreadSafeDevToolsUtils.js:103:22
Line: 1163, column: 0
console.error: ({})
Handler function threw an exception: TypeError: undefined has no properties
Stack: _getWaitTiming@resource://devtools/server/actors/network-monitor/network-observer.js:1262:1
_setupHarTimings@resource://devtools/server/actors/network-monitor/network-observer.js:1487:28
_onTransactionClose@resource://devtools/server/actors/network-monitor/network-observer.js:1210:27
_dispatchActivity@resource://devtools/server/actors/network-monitor/network-observer.js:632:14
NetworkObserver.prototype.observeActivity<@resource://devtools/server/actors/network-monitor/network-observer.js:738:12
exports.makeInfallible/<@resource://devtools/shared/ThreadSafeDevToolsUtils.js:103:22
Line: 1262, column: 1
console.error: (new TypeError("undefined has no properties", "resource://devtools/server/actors/network-monitor/network-observer.js", 1262))
JavaScript error: https://www.instagram.com/static/bundles/es6/oz-player.main.js/7dced560a8e6.js, line 28: NotSupportedError: MediaSource.addSourceBuffer: Can't play type
JavaScript error: https://www.instagram.com/static/bundles/es6/oz-player.main.js/7dced560a8e6.js, line 28: NotSupportedError: MediaSource.addSourceBuffer: Can't play type
JavaScript error: https://www.instagram.com/static/bundles/es6/oz-player.main.js/7dced560a8e6.js, line 28: NotSupportedError: MediaSource.addSourceBuffer: Can't play type
JavaScript error: https://www.instagram.com/static/bundles/es6/oz-player.main.js/7dced560a8e6.js, line 28: NotSupportedError: MediaSource.addSourceBuffer: Can't play type
Handler function threw an exception: [Exception... "Component returned failure code: 0x80040111 (NS_ERROR_NOT_AVAILABLE) [nsIHttpChannelInternal.remoteAddress]"  nsresult: "0x80040111 (NS_ERROR_NOT_AVAILABLE)"  location: "JS frame :: resource://devtools/server/actors/network-monitor/network-observer.js :: _onResponseHeader :: line 1163"  data: no]
Stack: _onResponseHeader@resource://devtools/server/actors/network-monitor/network-observer.js:1163:5
_dispatchActivity@resource://devtools/server/actors/network-monitor/network-observer.js:629:14
NetworkObserver.prototype.observeActivity<@resource://devtools/server/actors/network-monitor/network-observer.js:738:12
exports.makeInfallible/<@resource://devtools/shared/ThreadSafeDevToolsUtils.js:103:22
Line: 1163, column: 0
console.error: ({})
Handler function threw an exception: TypeError: undefined has no properties
Stack: _getWaitTiming@resource://devtools/server/actors/network-monitor/network-observer.js:1262:1
_setupHarTimings@resource://devtools/server/actors/network-monitor/network-observer.js:1487:28
_onTransactionClose@resource://devtools/server/actors/network-monitor/network-observer.js:1210:27
_dispatchActivity@resource://devtools/server/actors/network-monitor/network-observer.js:632:14
NetworkObserver.prototype.observeActivity<@resource://devtools/server/actors/network-monitor/network-observer.js:738:12
exports.makeInfallible/<@resource://devtools/shared/ThreadSafeDevToolsUtils.js:103:22
Line: 1262, column: 1
console.error: (new TypeError("undefined has no properties", "resource://devtools/server/actors/network-monitor/network-observer.js", 1262))
console.warn: "Async method failed in safeAsyncMethod" (new Error("Can not send request 'hide' because front 'customhighlighter' is already destroyed.", "resource://devtools/shared/protocol/Front/FrontClassWithSpec.js", 28))
1610895170622	geckodriver	INFO	Listening on 127.0.0.1:39185
1610895170627	mozrunner::runner	INFO	Running command: "/usr/bin/firefox" "--marionette" "-foreground" "-no-remote" "-profile" "/tmp/rust_mozprofilemtgnEm"
console.warn: SearchSettings: "get: No settings file exists, new profile?" (new Error("", "(unknown module)"))
1610895173181	Marionette	INFO	Listening on port 45833
1610895173266	Marionette	WARN	TLS certificate errors will be ignored for this session
1610895221209	geckodriver	INFO	Listening on 127.0.0.1:48877
1610895221214	mozrunner::runner	INFO	Running command: "/usr/bin/firefox" "--marionette" "-foreground" "-no-remote" "-profile" "/tmp/rust_mozprofileraek2P"
console.warn: SearchSettings: "get: No settings file exists, new profile?" (new Error("", "(unknown module)"))
1610895223787	Marionette	INFO	Listening on port 42413
1610895223862	Marionette	WARN	TLS certificate errors will be ignored for this session
1610895233848	Marionette	INFO	Stopped listening on port 45833

###!!! [Parent][RunMessage] Error: Channel closing: too late to send/recv, messages will be lost

1610895280883	Marionette	INFO	Stopped listening on port 42413

###!!! [Parent][RunMessage] Error: Channel closing: too late to send/recv, messages will be lost

1610895290434	geckodriver	INFO	Listening on 127.0.0.1:39265
1610895290438	mozrunner::runner	INFO	Running command: "/usr/bin/firefox" "--marionette" "-foreground" "-no-remote" "-profile" "/tmp/rust_mozprofileWpWTYL"
console.warn: SearchSettings: "get: No settings file exists, new profile?" (new Error("", "(unknown module)"))
1610895293134	Marionette	INFO	Listening on port 43759
1610895293190	Marionette	WARN	TLS certificate errors will be ignored for this session
1610895314217	Marionette	INFO	Stopped listening on port 43759

###!!! [Parent][RunMessage] Error: Channel closing: too late to send/recv, messages will be lost

Handler function threw an exception: [Exception... "Component returned failure code: 0x80040111 (NS_ERROR_NOT_AVAILABLE) [nsIHttpChannelInternal.remoteAddress]"  nsresult: "0x80040111 (NS_ERROR_NOT_AVAILABLE)"  location: "JS frame :: resource://devtools/server/actors/network-monitor/network-observer.js :: _onResponseHeader :: line 1163"  data: no]
Stack: _onResponseHeader@resource://devtools/server/actors/network-monitor/network-observer.js:1163:5
_dispatchActivity@resource://devtools/server/actors/network-monitor/network-observer.js:629:14
NetworkObserver.prototype.observeActivity<@resource://devtools/server/actors/network-monitor/network-observer.js:738:12
exports.makeInfallible/<@resource://devtools/shared/ThreadSafeDevToolsUtils.js:103:22
Line: 1163, column: 0
console.error: ({})
Handler function threw an exception: TypeError: undefined has no properties
Stack: _getWaitTiming@resource://devtools/server/actors/network-monitor/network-observer.js:1262:1
_setupHarTimings@resource://devtools/server/actors/network-monitor/network-observer.js:1487:28
_onTransactionClose@resource://devtools/server/actors/network-monitor/network-observer.js:1210:27
_dispatchActivity@resource://devtools/server/actors/network-monitor/network-observer.js:632:14
NetworkObserver.prototype.observeActivity<@resource://devtools/server/actors/network-monitor/network-observer.js:738:12
exports.makeInfallible/<@resource://devtools/shared/ThreadSafeDevToolsUtils.js:103:22
Line: 1262, column: 1
console.error: (new TypeError("undefined has no properties", "resource://devtools/server/actors/network-monitor/network-observer.js", 1262))
Handler function threw an exception: [Exception... "Component returned failure code: 0x80040111 (NS_ERROR_NOT_AVAILABLE) [nsIHttpChannelInternal.remoteAddress]"  nsresult: "0x80040111 (NS_ERROR_NOT_AVAILABLE)"  location: "JS frame :: resource://devtools/server/actors/network-monitor/network-observer.js :: _onResponseHeader :: line 1163"  data: no]
Stack: _onResponseHeader@resource://devtools/server/actors/network-monitor/network-observer.js:1163:5
_dispatchActivity@resource://devtools/server/actors/network-monitor/network-observer.js:629:14
NetworkObserver.prototype.observeActivity<@resource://devtools/server/actors/network-monitor/network-observer.js:738:12
exports.makeInfallible/<@resource://devtools/shared/ThreadSafeDevToolsUtils.js:103:22
Line: 1163, column: 0
console.error: ({})
Handler function threw an exception: TypeError: undefined has no properties
Stack: _getWaitTiming@resource://devtools/server/actors/network-monitor/network-observer.js:1262:1
_setupHarTimings@resource://devtools/server/actors/network-monitor/network-observer.js:1487:28
_onTransactionClose@resource://devtools/server/actors/network-monitor/network-observer.js:1210:27
_dispatchActivity@resource://devtools/server/actors/network-monitor/network-observer.js:632:14
NetworkObserver.prototype.observeActivity<@resource://devtools/server/actors/network-monitor/network-observer.js:738:12
exports.makeInfallible/<@resource://devtools/shared/ThreadSafeDevToolsUtils.js:103:22
Line: 1262, column: 1
console.error: (new TypeError("undefined has no properties", "resource://devtools/server/actors/network-monitor/network-observer.js", 1262))
Handler function threw an exception: [Exception... "Component returned failure code: 0x80040111 (NS_ERROR_NOT_AVAILABLE) [nsIHttpChannelInternal.remoteAddress]"  nsresult: "0x80040111 (NS_ERROR_NOT_AVAILABLE)"  location: "JS frame :: resource://devtools/server/actors/network-monitor/network-observer.js :: _onResponseHeader :: line 1163"  data: no]
Stack: _onResponseHeader@resource://devtools/server/actors/network-monitor/network-observer.js:1163:5
_dispatchActivity@resource://devtools/server/actors/network-monitor/network-observer.js:629:14
NetworkObserver.prototype.observeActivity<@resource://devtools/server/actors/network-monitor/network-observer.js:738:12
exports.makeInfallible/<@resource://devtools/shared/ThreadSafeDevToolsUtils.js:103:22
Line: 1163, column: 0
console.error: ({})
Handler function threw an exception: TypeError: undefined has no properties
Stack: _getWaitTiming@resource://devtools/server/actors/network-monitor/network-observer.js:1262:1
_setupHarTimings@resource://devtools/server/actors/network-monitor/network-observer.js:1487:28
_onTransactionClose@resource://devtools/server/actors/network-monitor/network-observer.js:1210:27
_dispatchActivity@resource://devtools/server/actors/network-monitor/network-observer.js:632:14
NetworkObserver.prototype.observeActivity<@resource://devtools/server/actors/network-monitor/network-observer.js:738:12
exports.makeInfallible/<@resource://devtools/shared/ThreadSafeDevToolsUtils.js:103:22
Line: 1262, column: 1
console.error: (new TypeError("undefined has no properties", "resource://devtools/server/actors/network-monitor/network-observer.js", 1262))
Handler function threw an exception: [Exception... "Component returned failure code: 0x80040111 (NS_ERROR_NOT_AVAILABLE) [nsIHttpChannelInternal.remoteAddress]"  nsresult: "0x80040111 (NS_ERROR_NOT_AVAILABLE)"  location: "JS frame :: resource://devtools/server/actors/network-monitor/network-observer.js :: _onResponseHeader :: line 1163"  data: no]
Stack: _onResponseHeader@resource://devtools/server/actors/network-monitor/network-observer.js:1163:5
_dispatchActivity@resource://devtools/server/actors/network-monitor/network-observer.js:629:14
NetworkObserver.prototype.observeActivity<@resource://devtools/server/actors/network-monitor/network-observer.js:738:12
exports.makeInfallible/<@resource://devtools/shared/ThreadSafeDevToolsUtils.js:103:22
Line: 1163, column: 0
console.error: ({})
Handler function threw an exception: TypeError: undefined has no properties
Stack: _getWaitTiming@resource://devtools/server/actors/network-monitor/network-observer.js:1262:1
_setupHarTimings@resource://devtools/server/actors/network-monitor/network-observer.js:1487:28
_onTransactionClose@resource://devtools/server/actors/network-monitor/network-observer.js:1210:27
_dispatchActivity@resource://devtools/server/actors/network-monitor/network-observer.js:632:14
NetworkObserver.prototype.observeActivity<@resource://devtools/server/actors/network-monitor/network-observer.js:738:12
exports.makeInfallible/<@resource://devtools/shared/ThreadSafeDevToolsUtils.js:103:22
Line: 1262, column: 1
console.error: (new TypeError("undefined has no properties", "resource://devtools/server/actors/network-monitor/network-observer.js", 1262))
Handler function threw an exception: [Exception... "Component returned failure code: 0x80040111 (NS_ERROR_NOT_AVAILABLE) [nsIHttpChannelInternal.remoteAddress]"  nsresult: "0x80040111 (NS_ERROR_NOT_AVAILABLE)"  location: "JS frame :: resource://devtools/server/actors/network-monitor/network-observer.js :: _onResponseHeader :: line 1163"  data: no]
Stack: _onResponseHeader@resource://devtools/server/actors/network-monitor/network-observer.js:1163:5
_dispatchActivity@resource://devtools/server/actors/network-monitor/network-observer.js:629:14
NetworkObserver.prototype.observeActivity<@resource://devtools/server/actors/network-monitor/network-observer.js:738:12
exports.makeInfallible/<@resource://devtools/shared/ThreadSafeDevToolsUtils.js:103:22
Line: 1163, column: 0
console.error: ({})
Handler function threw an exception: TypeError: undefined has no properties
Stack: _getWaitTiming@resource://devtools/server/actors/network-monitor/network-observer.js:1262:1
_setupHarTimings@resource://devtools/server/actors/network-monitor/network-observer.js:1487:28
_onTransactionClose@resource://devtools/server/actors/network-monitor/network-observer.js:1210:27
_dispatchActivity@resource://devtools/server/actors/network-monitor/network-observer.js:632:14
NetworkObserver.prototype.observeActivity<@resource://devtools/server/actors/network-monitor/network-observer.js:738:12
exports.makeInfallible/<@resource://devtools/shared/ThreadSafeDevToolsUtils.js:103:22
Line: 1262, column: 1
console.error: (new TypeError("undefined has no properties", "resource://devtools/server/actors/network-monitor/network-observer.js", 1262))
Handler function threw an exception: [Exception... "Component returned failure code: 0x80040111 (NS_ERROR_NOT_AVAILABLE) [nsIHttpChannelInternal.remoteAddress]"  nsresult: "0x80040111 (NS_ERROR_NOT_AVAILABLE)"  location: "JS frame :: resource://devtools/server/actors/network-monitor/network-observer.js :: _onResponseHeader :: line 1163"  data: no]
Stack: _onResponseHeader@resource://devtools/server/actors/network-monitor/network-observer.js:1163:5
_dispatchActivity@resource://devtools/server/actors/network-monitor/network-observer.js:629:14
NetworkObserver.prototype.observeActivity<@resource://devtools/server/actors/network-monitor/network-observer.js:738:12
exports.makeInfallible/<@resource://devtools/shared/ThreadSafeDevToolsUtils.js:103:22
Line: 1163, column: 0
console.error: ({})
Handler function threw an exception: TypeError: undefined has no properties
Stack: _getWaitTiming@resource://devtools/server/actors/network-monitor/network-observer.js:1262:1
_setupHarTimings@resource://devtools/server/actors/network-monitor/network-observer.js:1487:28
_onTransactionClose@resource://devtools/server/actors/network-monitor/network-observer.js:1210:27
_dispatchActivity@resource://devtools/server/actors/network-monitor/network-observer.js:632:14
NetworkObserver.prototype.observeActivity<@resource://devtools/server/actors/network-monitor/network-observer.js:738:12
exports.makeInfallible/<@resource://devtools/shared/ThreadSafeDevToolsUtils.js:103:22
Line: 1262, column: 1
console.error: (new TypeError("undefined has no properties", "resource://devtools/server/actors/network-monitor/network-observer.js", 1262))
Handler function threw an exception: [Exception... "Component returned failure code: 0x80040111 (NS_ERROR_NOT_AVAILABLE) [nsIHttpChannelInternal.remoteAddress]"  nsresult: "0x80040111 (NS_ERROR_NOT_AVAILABLE)"  location: "JS frame :: resource://devtools/server/actors/network-monitor/network-observer.js :: _onResponseHeader :: line 1163"  data: no]
Stack: _onResponseHeader@resource://devtools/server/actors/network-monitor/network-observer.js:1163:5
_dispatchActivity@resource://devtools/server/actors/network-monitor/network-observer.js:629:14
NetworkObserver.prototype.observeActivity<@resource://devtools/server/actors/network-monitor/network-observer.js:738:12
exports.makeInfallible/<@resource://devtools/shared/ThreadSafeDevToolsUtils.js:103:22
Line: 1163, column: 0
console.error: ({})
Handler function threw an exception: TypeError: undefined has no properties
Stack: _getWaitTiming@resource://devtools/server/actors/network-monitor/network-observer.js:1262:1
_setupHarTimings@resource://devtools/server/actors/network-monitor/network-observer.js:1487:28
_onTransactionClose@resource://devtools/server/actors/network-monitor/network-observer.js:1210:27
_dispatchActivity@resource://devtools/server/actors/network-monitor/network-observer.js:632:14
NetworkObserver.prototype.observeActivity<@resource://devtools/server/actors/network-monitor/network-observer.js:738:12
exports.makeInfallible/<@resource://devtools/shared/ThreadSafeDevToolsUtils.js:103:22
Line: 1262, column: 1
console.error: (new TypeError("undefined has no properties", "resource://devtools/server/actors/network-monitor/network-observer.js", 1262))
Handler function threw an exception: [Exception... "Component returned failure code: 0x80040111 (NS_ERROR_NOT_AVAILABLE) [nsIHttpChannelInternal.remoteAddress]"  nsresult: "0x80040111 (NS_ERROR_NOT_AVAILABLE)"  location: "JS frame :: resource://devtools/server/actors/network-monitor/network-observer.js :: _onResponseHeader :: line 1163"  data: no]
Stack: _onResponseHeader@resource://devtools/server/actors/network-monitor/network-observer.js:1163:5
_dispatchActivity@resource://devtools/server/actors/network-monitor/network-observer.js:629:14
NetworkObserver.prototype.observeActivity<@resource://devtools/server/actors/network-monitor/network-observer.js:738:12
exports.makeInfallible/<@resource://devtools/shared/ThreadSafeDevToolsUtils.js:103:22
Line: 1163, column: 0
console.error: ({})
Handler function threw an exception: TypeError: undefined has no properties
Stack: _getWaitTiming@resource://devtools/server/actors/network-monitor/network-observer.js:1262:1
_setupHarTimings@resource://devtools/server/actors/network-monitor/network-observer.js:1487:28
_onTransactionClose@resource://devtools/server/actors/network-monitor/network-observer.js:1210:27
_dispatchActivity@resource://devtools/server/actors/network-monitor/network-observer.js:632:14
NetworkObserver.prototype.observeActivity<@resource://devtools/server/actors/network-monitor/network-observer.js:738:12
exports.makeInfallible/<@resource://devtools/shared/ThreadSafeDevToolsUtils.js:103:22
Line: 1262, column: 1
console.error: (new TypeError("undefined has no properties", "resource://devtools/server/actors/network-monitor/network-observer.js", 1262))
Handler function threw an exception: [Exception... "Component returned failure code: 0x80040111 (NS_ERROR_NOT_AVAILABLE) [nsIHttpChannelInternal.remoteAddress]"  nsresult: "0x80040111 (NS_ERROR_NOT_AVAILABLE)"  location: "JS frame :: resource://devtools/server/actors/network-monitor/network-observer.js :: _onResponseHeader :: line 1163"  data: no]
Stack: _onResponseHeader@resource://devtools/server/actors/network-monitor/network-observer.js:1163:5
_dispatchActivity@resource://devtools/server/actors/network-monitor/network-observer.js:629:14
NetworkObserver.prototype.observeActivity<@resource://devtools/server/actors/network-monitor/network-observer.js:738:12
exports.makeInfallible/<@resource://devtools/shared/ThreadSafeDevToolsUtils.js:103:22
Line: 1163, column: 0
console.error: ({})
Handler function threw an exception: TypeError: undefined has no properties
Stack: _getWaitTiming@resource://devtools/server/actors/network-monitor/network-observer.js:1262:1
_setupHarTimings@resource://devtools/server/actors/network-monitor/network-observer.js:1487:28
_onTransactionClose@resource://devtools/server/actors/network-monitor/network-observer.js:1210:27
_dispatchActivity@resource://devtools/server/actors/network-monitor/network-observer.js:632:14
NetworkObserver.prototype.observeActivity<@resource://devtools/server/actors/network-monitor/network-observer.js:738:12
exports.makeInfallible/<@resource://devtools/shared/ThreadSafeDevToolsUtils.js:103:22
Line: 1262, column: 1
console.error: (new TypeError("undefined has no properties", "resource://devtools/server/actors/network-monitor/network-observer.js", 1262))
Handler function threw an exception: [Exception... "Component returned failure code: 0x80040111 (NS_ERROR_NOT_AVAILABLE) [nsIHttpChannelInternal.remoteAddress]"  nsresult: "0x80040111 (NS_ERROR_NOT_AVAILABLE)"  location: "JS frame :: resource://devtools/server/actors/network-monitor/network-observer.js :: _onResponseHeader :: line 1163"  data: no]
Stack: _onResponseHeader@resource://devtools/server/actors/network-monitor/network-observer.js:1163:5
_dispatchActivity@resource://devtools/server/actors/network-monitor/network-observer.js:629:14
NetworkObserver.prototype.observeActivity<@resource://devtools/server/actors/network-monitor/network-observer.js:738:12
exports.makeInfallible/<@resource://devtools/shared/ThreadSafeDevToolsUtils.js:103:22
Line: 1163, column: 0
console.error: ({})
Handler function threw an exception: TypeError: undefined has no properties
Stack: _getWaitTiming@resource://devtools/server/actors/network-monitor/network-observer.js:1262:1
_setupHarTimings@resource://devtools/server/actors/network-monitor/network-observer.js:1487:28
_onTransactionClose@resource://devtools/server/actors/network-monitor/network-observer.js:1210:27
_dispatchActivity@resource://devtools/server/actors/network-monitor/network-observer.js:632:14
NetworkObserver.prototype.observeActivity<@resource://devtools/server/actors/network-monitor/network-observer.js:738:12
exports.makeInfallible/<@resource://devtools/shared/ThreadSafeDevToolsUtils.js:103:22
Line: 1262, column: 1
console.error: (new TypeError("undefined has no properties", "resource://devtools/server/actors/network-monitor/network-observer.js", 1262))
Handler function threw an exception: [Exception... "Component returned failure code: 0x80040111 (NS_ERROR_NOT_AVAILABLE) [nsIHttpChannelInternal.remoteAddress]"  nsresult: "0x80040111 (NS_ERROR_NOT_AVAILABLE)"  location: "JS frame :: resource://devtools/server/actors/network-monitor/network-observer.js :: _onResponseHeader :: line 1163"  data: no]
Stack: _onResponseHeader@resource://devtools/server/actors/network-monitor/network-observer.js:1163:5
_dispatchActivity@resource://devtools/server/actors/network-monitor/network-observer.js:629:14
NetworkObserver.prototype.observeActivity<@resource://devtools/server/actors/network-monitor/network-observer.js:738:12
exports.makeInfallible/<@resource://devtools/shared/ThreadSafeDevToolsUtils.js:103:22
Line: 1163, column: 0
console.error: ({})
Handler function threw an exception: TypeError: undefined has no properties
Stack: _getWaitTiming@resource://devtools/server/actors/network-monitor/network-observer.js:1262:1
_setupHarTimings@resource://devtools/server/actors/network-monitor/network-observer.js:1487:28
_onTransactionClose@resource://devtools/server/actors/network-monitor/network-observer.js:1210:27
_dispatchActivity@resource://devtools/server/actors/network-monitor/network-observer.js:632:14
NetworkObserver.prototype.observeActivity<@resource://devtools/server/actors/network-monitor/network-observer.js:738:12
exports.makeInfallible/<@resource://devtools/shared/ThreadSafeDevToolsUtils.js:103:22
Line: 1262, column: 1
console.error: (new TypeError("undefined has no properties", "resource://devtools/server/actors/network-monitor/network-observer.js", 1262))
Handler function threw an exception: [Exception... "Component returned failure code: 0x80040111 (NS_ERROR_NOT_AVAILABLE) [nsIHttpChannelInternal.remoteAddress]"  nsresult: "0x80040111 (NS_ERROR_NOT_AVAILABLE)"  location: "JS frame :: resource://devtools/server/actors/network-monitor/network-observer.js :: _onResponseHeader :: line 1163"  data: no]
Stack: _onResponseHeader@resource://devtools/server/actors/network-monitor/network-observer.js:1163:5
_dispatchActivity@resource://devtools/server/actors/network-monitor/network-observer.js:629:14
NetworkObserver.prototype.observeActivity<@resource://devtools/server/actors/network-monitor/network-observer.js:738:12
exports.makeInfallible/<@resource://devtools/shared/ThreadSafeDevToolsUtils.js:103:22
Line: 1163, column: 0
console.error: ({})
Handler function threw an exception: TypeError: undefined has no properties
Stack: _getWaitTiming@resource://devtools/server/actors/network-monitor/network-observer.js:1262:1
_setupHarTimings@resource://devtools/server/actors/network-monitor/network-observer.js:1487:28
_onTransactionClose@resource://devtools/server/actors/network-monitor/network-observer.js:1210:27
_dispatchActivity@resource://devtools/server/actors/network-monitor/network-observer.js:632:14
NetworkObserver.prototype.observeActivity<@resource://devtools/server/actors/network-monitor/network-observer.js:738:12
exports.makeInfallible/<@resource://devtools/shared/ThreadSafeDevToolsUtils.js:103:22
Line: 1262, column: 1
console.error: (new TypeError("undefined has no properties", "resource://devtools/server/actors/network-monitor/network-observer.js", 1262))
Handler function threw an exception: [Exception... "Component returned failure code: 0x80040111 (NS_ERROR_NOT_AVAILABLE) [nsIHttpChannelInternal.remoteAddress]"  nsresult: "0x80040111 (NS_ERROR_NOT_AVAILABLE)"  location: "JS frame :: resource://devtools/server/actors/network-monitor/network-observer.js :: _onResponseHeader :: line 1163"  data: no]
Stack: _onResponseHeader@resource://devtools/server/actors/network-monitor/network-observer.js:1163:5
_dispatchActivity@resource://devtools/server/actors/network-monitor/network-observer.js:629:14
NetworkObserver.prototype.observeActivity<@resource://devtools/server/actors/network-monitor/network-observer.js:738:12
exports.makeInfallible/<@resource://devtools/shared/ThreadSafeDevToolsUtils.js:103:22
Line: 1163, column: 0
console.error: ({})
Handler function threw an exception: TypeError: undefined has no properties
Stack: _getWaitTiming@resource://devtools/server/actors/network-monitor/network-observer.js:1262:1
_setupHarTimings@resource://devtools/server/actors/network-monitor/network-observer.js:1487:28
_onTransactionClose@resource://devtools/server/actors/network-monitor/network-observer.js:1210:27
_dispatchActivity@resource://devtools/server/actors/network-monitor/network-observer.js:632:14
NetworkObserver.prototype.observeActivity<@resource://devtools/server/actors/network-monitor/network-observer.js:738:12
exports.makeInfallible/<@resource://devtools/shared/ThreadSafeDevToolsUtils.js:103:22
Line: 1262, column: 1
console.error: (new TypeError("undefined has no properties", "resource://devtools/server/actors/network-monitor/network-observer.js", 1262))
Gdk-Message: 09:59:29.720: /usr/lib/firefox/firefox: Fatal IO error 11 (Ресурс временно недоступен) on X server :0.

Gdk-Message: 09:59:29.720: /usr/lib/firefox/firefox: Fatal IO error 11 (Ресурс временно недоступен) on X server :0.

Gdk-Message: 09:59:29.724: /usr/lib/firefox/firefox: Fatal IO error 11 (Ресурс временно недоступен) on X server :0.

Gdk-Message: 09:59:29.725: /usr/lib/firefox/firefox: Fatal IO error 11 (Ресурс временно недоступен) on X server :0.

Gdk-Message: 09:59:29.783: firefox: Fatal IO error 11 (Ресурс временно недоступен) on X server :0.

1610969566187	geckodriver	INFO	Listening on 127.0.0.1:36927
1610969567190	mozrunner::runner	INFO	Running command: "/usr/bin/firefox" "--marionette" "-foreground" "-no-remote" "-profile" "/tmp/rust_mozprofileXzbjyu"
console.warn: SearchSettings: "get: No settings file exists, new profile?" (new Error("", "(unknown module)"))
1610969570864	Marionette	INFO	Listening on port 35203
1610969570944	Marionette	WARN	TLS certificate errors will be ignored for this session
JavaScript error: https://www.instagram.com/static/bundles/es6/oz-player.main.js/7dced560a8e6.js, line 28: NotSupportedError: MediaSource.addSourceBuffer: Can't play type
JavaScript error: https://www.instagram.com/static/bundles/es6/oz-player.main.js/7dced560a8e6.js, line 28: NotSupportedError: MediaSource.addSourceBuffer: Can't play type
JavaScript error: https://www.instagram.com/static/bundles/es6/oz-player.main.js/7dced560a8e6.js, line 28: NotSupportedError: MediaSource.addSourceBuffer: Can't play type
JavaScript error: https://www.instagram.com/static/bundles/es6/oz-player.main.js/7dced560a8e6.js, line 28: NotSupportedError: MediaSource.addSourceBuffer: Can't play type
1610969591791	Marionette	INFO	Stopped listening on port 35203
JavaScript error: https://www.instagram.com/static/bundles/es6/ConsumerLibCommons.js/9940739737ca.js, line 218: NS_ERROR_NOT_INITIALIZED: 
JavaScript error: https://www.instagram.com/static/bundles/es6/ConsumerLibCommons.js/9940739737ca.js, line 218: NS_ERROR_NOT_INITIALIZED: 

###!!! [Child][MessageChannel] Error: (msgtype=0x6C0027,name=PNecko::Msg_RemoveRequestContext) Channel closing: too late to send/recv, messages will be lost


###!!! [Child][RunMessage] Error: Channel closing: too late to send/recv, messages will be lost


###!!! [Child][MessageChannel] Error: (msgtype=0x3A0144,name=PContent::Msg_ScriptError) Channel closing: too late to send/recv, messages will be lost


###!!! [Child][RunMessage] Error: Channel closing: too late to send/recv, messages will be lost


###!!! [Child][RunMessage] Error: Channel closing: too late to send/recv, messages will be lost


###!!! [Child][RunMessage] Error: Channel closing: too late to send/recv, messages will be lost


###!!! [Child][RunMessage] Error: Channel closing: too late to send/recv, messages will be lost


###!!! [Child][MessageChannel] Error: (msgtype=0x3A0144,name=PContent::Msg_ScriptError) Channel closing: too late to send/recv, messages will be lost


###!!! [Child][RunMessage] Error: Channel closing: too late to send/recv, messages will be lost


###!!! [Child][RunMessage] Error: Channel closing: too late to send/recv, messages will be lost

JavaScript error: https://www.instagram.com/static/bundles/es6/Consumer.js/7bfd6294ba7d.js, line 1297: OZ_NETWORK: Network failure.
JavaScript error: https://www.instagram.com/static/bundles/es6/Consumer.js/7bfd6294ba7d.js, line 1297: OZ_NETWORK: Network failure.

###!!! [Child][RunMessage] Error: Channel closing: too late to send/recv, messages will be lost


###!!! [Child][RunMessage] Error: Channel closing: too late to send/recv, messages will be lost


###!!! [Child][RunMessage] Error: Channel closing: too late to send/recv, messages will be lost


###!!! [Child][RunMessage] Error: Channel closing: too late to send/recv, messages will be lost


###!!! [Child][MessageChannel] Error: (msgtype=0x3A0144,name=PContent::Msg_ScriptError) Channel closing: too late to send/recv, messages will be lost


###!!! [Child][MessageChannel] Error: (msgtype=0xB60006,name=PWebSocket::Msg_DeleteSelf) Channel closing: too late to send/recv, messages will be lost


###!!! [Parent][RunMessage] Error: Channel closing: too late to send/recv, messages will be lost

1610970063375	geckodriver	INFO	Listening on 127.0.0.1:45285
1610970063382	mozrunner::runner	INFO	Running command: "/usr/bin/firefox" "--marionette" "-foreground" "-no-remote" "-profile" "/tmp/rust_mozprofileB4PMcf"
console.warn: SearchSettings: "get: No settings file exists, new profile?" (new Error("", "(unknown module)"))
1610970066943	Marionette	INFO	Listening on port 34535
1610970067049	Marionette	WARN	TLS certificate errors will be ignored for this session
JavaScript error: https://www.instagram.com/static/bundles/es6/oz-player.main.js/7dced560a8e6.js, line 28: NotSupportedError: MediaSource.addSourceBuffer: Can't play type
JavaScript error: https://www.instagram.com/static/bundles/es6/oz-player.main.js/7dced560a8e6.js, line 28: NotSupportedError: MediaSource.addSourceBuffer: Can't play type
JavaScript error: https://www.instagram.com/static/bundles/es6/oz-player.main.js/7dced560a8e6.js, line 28: NotSupportedError: MediaSource.addSourceBuffer: Can't play type
JavaScript error: https://www.instagram.com/static/bundles/es6/oz-player.main.js/7dced560a8e6.js, line 28: NotSupportedError: MediaSource.addSourceBuffer: Can't play type
1610970141050	Marionette	INFO	Stopped listening on port 34535

###!!! [Parent][RunMessage] Error: Channel closing: too late to send/recv, messages will be lost

1610970294990	geckodriver	INFO	Listening on 127.0.0.1:56049
1610970294997	mozrunner::runner	INFO	Running command: "/usr/bin/firefox" "--marionette" "-foreground" "-no-remote" "-profile" "/tmp/rust_mozprofileHVZUyT"
console.warn: SearchSettings: "get: No settings file exists, new profile?" (new Error("", "(unknown module)"))
1610970298709	Marionette	INFO	Listening on port 46719
1610970298754	Marionette	WARN	TLS certificate errors will be ignored for this session
1610970344788	Marionette	INFO	Stopped listening on port 46719

###!!! [Parent][RunMessage] Error: Channel closing: too late to send/recv, messages will be lost

1610970439521	geckodriver	INFO	Listening on 127.0.0.1:59849
1610970439528	mozrunner::runner	INFO	Running command: "/usr/bin/firefox" "--marionette" "-foreground" "-no-remote" "-profile" "/tmp/rust_mozprofilek6d87Q"
console.warn: SearchSettings: "get: No settings file exists, new profile?" (new Error("", "(unknown module)"))
1610970443147	Marionette	INFO	Listening on port 43775
1610970443271	Marionette	WARN	TLS certificate errors will be ignored for this session
1610970478787	geckodriver	INFO	Listening on 127.0.0.1:52695
1610970478794	mozrunner::runner	INFO	Running command: "/usr/bin/firefox" "--marionette" "-foreground" "-no-remote" "-profile" "/tmp/rust_mozprofileMg1zHr"
1610970481250	Marionette	INFO	Stopped listening on port 43775

###!!! [Parent][RunMessage] Error: Channel closing: too late to send/recv, messages will be lost

console.warn: SearchSettings: "get: No settings file exists, new profile?" (new Error("", "(unknown module)"))
1610970482733	Marionette	INFO	Listening on port 37597
1610970482846	Marionette	WARN	TLS certificate errors will be ignored for this session
1610970520169	Marionette	INFO	Stopped listening on port 37597

###!!! [Parent][RunMessage] Error: Channel closing: too late to send/recv, messages will be lost

1610970801064	geckodriver	INFO	Listening on 127.0.0.1:51609
1610970801071	mozrunner::runner	INFO	Running command: "/usr/bin/firefox" "--marionette" "-foreground" "-no-remote" "-profile" "/tmp/rust_mozprofileW2391v"
console.warn: SearchSettings: "get: No settings file exists, new profile?" (new Error("", "(unknown module)"))
1610970804771	Marionette	INFO	Listening on port 36735
1610970804839	Marionette	WARN	TLS certificate errors will be ignored for this session
1610970837373	Marionette	INFO	Stopped listening on port 36735

###!!! [Parent][RunMessage] Error: Channel closing: too late to send/recv, messages will be lost

1610971052609	geckodriver	INFO	Listening on 127.0.0.1:44455
1610971052616	mozrunner::runner	INFO	Running command: "/usr/bin/firefox" "--marionette" "-foreground" "-no-remote" "-profile" "/tmp/rust_mozprofileUYr4IT"
console.warn: SearchSettings: "get: No settings file exists, new profile?" (new Error("", "(unknown module)"))
1610971056537	Marionette	INFO	Listening on port 39997
1610971056694	Marionette	WARN	TLS certificate errors will be ignored for this session
1610971097205	geckodriver	INFO	Listening on 127.0.0.1:45417
1610971097212	mozrunner::runner	INFO	Running command: "/usr/bin/firefox" "--marionette" "-foreground" "-no-remote" "-profile" "/tmp/rust_mozprofileSlf3O9"
1610971099728	Marionette	INFO	Stopped listening on port 39997
console.warn: SearchSettings: "get: No settings file exists, new profile?" (new Error("", "(unknown module)"))
1610971101271	Marionette	INFO	Listening on port 44519
1610971101379	Marionette	WARN	TLS certificate errors will be ignored for this session
1610971152452	geckodriver	INFO	Listening on 127.0.0.1:41113
1610971152458	mozrunner::runner	INFO	Running command: "/usr/bin/firefox" "--marionette" "-foreground" "-no-remote" "-profile" "/tmp/rust_mozprofilex1fu1p"
console.warn: SearchSettings: "get: No settings file exists, new profile?" (new Error("", "(unknown module)"))
console.warn: services.settings: main/fxmonitor-breaches sync interrupted by shutdown
JavaScript error: resource://activity-stream/lib/ASRouterNewTabHook.jsm, line 61: TypeError: this._router is null
console.warn: SearchService: "_init: abandoning init due to shutting down"
JavaScript error: , line 0: uncaught exception: 2147500036
JavaScript error: , line 0: uncaught exception: 2147500036
JavaScript error: , line 0: uncaught exception: 2147500036
JavaScript error: , line 0: uncaught exception: 2147500036
JavaScript error: , line 0: uncaught exception: 2147500036
console.error: Region.jsm: "Error fetching region" (new TypeError("NetworkError when attempting to fetch resource.", ""))
console.error: Region.jsm: "Failed to fetch region" (new Error("NO_RESULT", "resource://gre/modules/Region.jsm", 376))
1610971157061	Marionette	INFO	Stopped listening on port 44519

###!!! [Parent][RunMessage] Error: Channel closing: too late to send/recv, messages will be lost

1610971162534	geckodriver	INFO	Listening on 127.0.0.1:50971
1610971162541	mozrunner::runner	INFO	Running command: "/usr/bin/firefox" "--marionette" "-foreground" "-no-remote" "-profile" "/tmp/rust_mozprofileVeR2kf"
console.warn: SearchSettings: "get: No settings file exists, new profile?" (new Error("", "(unknown module)"))
1610971166426	Marionette	INFO	Listening on port 45347
1610971166491	Marionette	WARN	TLS certificate errors will be ignored for this session
1610971389207	geckodriver	INFO	Listening on 127.0.0.1:37799
1610971389214	mozrunner::runner	INFO	Running command: "/usr/bin/firefox" "--marionette" "-foreground" "-no-remote" "-profile" "/tmp/rust_mozprofile3FQzDt"
console.warn: SearchSettings: "get: No settings file exists, new profile?" (new Error("", "(unknown module)"))
1610971392729	Marionette	INFO	Listening on port 37697
1610971392864	Marionette	WARN	TLS certificate errors will be ignored for this session
1610971396769	Marionette	INFO	Stopped listening on port 45347

###!!! [Parent][RunMessage] Error: Channel closing: too late to send/recv, messages will be lost

1610971456115	geckodriver	INFO	Listening on 127.0.0.1:33605
1610971456121	mozrunner::runner	INFO	Running command: "/usr/bin/firefox" "--marionette" "-foreground" "-no-remote" "-profile" "/tmp/rust_mozprofileuoHXtQ"
1610971458718	Marionette	INFO	Stopped listening on port 37697
console.warn: SearchSettings: "get: No settings file exists, new profile?" (new Error("", "(unknown module)"))
1610971459933	Marionette	INFO	Listening on port 33509
1610971460002	Marionette	WARN	TLS certificate errors will be ignored for this session
Marionette threw an error: TypeError: browsingContextFn().currentWindowGlobal is null
getMarionetteCommandsActorProxy/get/<@chrome://marionette/content/actors/MarionetteCommandsParent.jsm:330:29

1610971492784	Marionette	INFO	Stopped listening on port 33509

###!!! [Parent][RunMessage] Error: Channel closing: too late to send/recv, messages will be lost

1610971558823	geckodriver	INFO	Listening on 127.0.0.1:44631
1610971558830	mozrunner::runner	INFO	Running command: "/usr/bin/firefox" "--marionette" "-foreground" "-no-remote" "-profile" "/tmp/rust_mozprofileMtwHMF"
console.warn: SearchSettings: "get: No settings file exists, new profile?" (new Error("", "(unknown module)"))
1610971562327	Marionette	INFO	Listening on port 34533
1610971562398	Marionette	WARN	TLS certificate errors will be ignored for this session
1610971655650	Marionette	INFO	Stopped listening on port 34533

###!!! [Parent][RunMessage] Error: Channel closing: too late to send/recv, messages will be lost

1610971745789	geckodriver	INFO	Listening on 127.0.0.1:51931
1610971745796	mozrunner::runner	INFO	Running command: "/usr/bin/firefox" "--marionette" "-foreground" "-no-remote" "-profile" "/tmp/rust_mozprofileCYvHWt"
console.warn: SearchSettings: "get: No settings file exists, new profile?" (new Error("", "(unknown module)"))
1610971749630	Marionette	INFO	Listening on port 46473
1610971749763	Marionette	WARN	TLS certificate errors will be ignored for this session
1610974504452	geckodriver	INFO	Listening on 127.0.0.1:36575
1610974505455	mozrunner::runner	INFO	Running command: "/usr/bin/firefox" "--marionette" "-foreground" "-no-remote" "-profile" "/tmp/rust_mozprofileEHbyaJ"
console.warn: SearchSettings: "get: No settings file exists, new profile?" (new Error("", "(unknown module)"))
1610974508080	Marionette	INFO	Listening on port 40815
1610974508195	Marionette	WARN	TLS certificate errors will be ignored for this session
console.warn: LoginRecipes: "getRecipes: falling back to a synchronous message for:" "https://www.instagram.com"
1610974787396	Marionette	INFO	Stopped listening on port 46473

###!!! [Parent][RunMessage] Error: Channel closing: too late to send/recv, messages will be lost

1610974884396	Marionette	INFO	Stopped listening on port 40815

###!!! [Parent][RunMessage] Error: Channel closing: too late to send/recv, messages will be lost

1610975056550	geckodriver	INFO	Listening on 127.0.0.1:58719
1610975056554	mozrunner::runner	INFO	Running command: "/usr/bin/firefox" "--marionette" "-foreground" "-no-remote" "-profile" "/tmp/rust_mozprofileXHGGMZ"
console.warn: SearchSettings: "get: No settings file exists, new profile?" (new Error("", "(unknown module)"))
1610975058896	Marionette	INFO	Listening on port 40505
1610975059011	Marionette	WARN	TLS certificate errors will be ignored for this session
console.error: (new TypeError("parent is null", "resource://devtools/client/inspector/shared/style-change-tracker.js", 67))
TypeError: parent is null: canMutationImpactCurrentStyles@resource://devtools/client/inspector/shared/style-change-tracker.js:67:24
onMutations@resource://devtools/client/inspector/shared/style-change-tracker.js:84:41
_emit@resource://devtools/shared/event-emitter.js:226:34
emit@resource://devtools/shared/event-emitter.js:172:18
emit@resource://devtools/shared/event-emitter.js:324:18
getMutations@resource://devtools/client/fronts/walker.js:405:10

JavaScript error: https://www.instagram.com/static/bundles/es6/Consumer.js/7bfd6294ba7d.js, line 856: TypeError: this.props is undefined
1610975131394	Marionette	INFO	Stopped listening on port 40505

###!!! [Parent][RunMessage] Error: Channel closing: too late to send/recv, messages will be lost

1610975148374	geckodriver	INFO	Listening on 127.0.0.1:45311
1610975148379	mozrunner::runner	INFO	Running command: "/usr/bin/firefox" "--marionette" "-foreground" "-no-remote" "-profile" "/tmp/rust_mozprofileZyZdkT"
console.warn: SearchSettings: "get: No settings file exists, new profile?" (new Error("", "(unknown module)"))
1610975150734	Marionette	INFO	Listening on port 34417
1610975150821	Marionette	WARN	TLS certificate errors will be ignored for this session
JavaScript error: https://www.instagram.com/static/bundles/es6/oz-player.main.js/7dced560a8e6.js, line 28: NotSupportedError: MediaSource.addSourceBuffer: Can't play type
JavaScript error: https://www.instagram.com/static/bundles/es6/oz-player.main.js/7dced560a8e6.js, line 28: NotSupportedError: MediaSource.addSourceBuffer: Can't play type
JavaScript error: https://www.instagram.com/static/bundles/es6/oz-player.main.js/7dced560a8e6.js, line 28: NotSupportedError: MediaSource.addSourceBuffer: Can't play type
JavaScript error: https://www.instagram.com/static/bundles/es6/oz-player.main.js/7dced560a8e6.js, line 28: NotSupportedError: MediaSource.addSourceBuffer: Can't play type
1610975171665	Marionette	INFO	Stopped listening on port 34417

###!!! [Parent][RunMessage] Error: Channel closing: too late to send/recv, messages will be lost

1610975176593	geckodriver	INFO	Listening on 127.0.0.1:51625
1610975176597	mozrunner::runner	INFO	Running command: "/usr/bin/firefox" "--marionette" "-foreground" "-no-remote" "-profile" "/tmp/rust_mozprofileABlesI"
console.warn: SearchSettings: "get: No settings file exists, new profile?" (new Error("", "(unknown module)"))
1610975179046	Marionette	INFO	Listening on port 36567
1610975179131	Marionette	WARN	TLS certificate errors will be ignored for this session
1610975330078	geckodriver	INFO	Listening on 127.0.0.1:54143
1610975330083	mozrunner::runner	INFO	Running command: "/usr/bin/firefox" "--marionette" "-foreground" "-no-remote" "-profile" "/tmp/rust_mozprofilembCYeS"
console.warn: SearchSettings: "get: No settings file exists, new profile?" (new Error("", "(unknown module)"))
1610975332745	Marionette	INFO	Listening on port 35599
1610975332821	Marionette	WARN	TLS certificate errors will be ignored for this session
1610975384780	geckodriver	INFO	Listening on 127.0.0.1:36045
1610975384784	mozrunner::runner	INFO	Running command: "/usr/bin/firefox" "--marionette" "-foreground" "-no-remote" "-profile" "/tmp/rust_mozprofile3Vr6PZ"
console.warn: SearchSettings: "get: No settings file exists, new profile?" (new Error("", "(unknown module)"))
1610975387713	Marionette	INFO	Listening on port 40391
1610975387828	Marionette	WARN	TLS certificate errors will be ignored for this session
1610975392558	Marionette	INFO	Stopped listening on port 36567

###!!! [Parent][RunMessage] Error: Channel closing: too late to send/recv, messages will be lost

1610975396692	Marionette	INFO	Stopped listening on port 35599

###!!! [Parent][RunMessage] Error: Channel closing: too late to send/recv, messages will be lost

console.warn: LoginRecipes: "getRecipes: falling back to a synchronous message for:" "https://www.instagram.com"
1610975557372	Marionette	INFO	Stopped listening on port 40391

###!!! [Parent][RunMessage] Error: Channel closing: too late to send/recv, messages will be lost

1610975584395	geckodriver	INFO	Listening on 127.0.0.1:35651
1610975584400	mozrunner::runner	INFO	Running command: "/usr/bin/firefox" "--marionette" "-foreground" "-no-remote" "-profile" "/tmp/rust_mozprofileyRH68I"
console.warn: SearchSettings: "get: No settings file exists, new profile?" (new Error("", "(unknown module)"))
1610975586698	Marionette	INFO	Listening on port 45419
1610975586736	Marionette	WARN	TLS certificate errors will be ignored for this session
1610975617875	Marionette	INFO	Stopped listening on port 45419

###!!! [Parent][RunMessage] Error: Channel closing: too late to send/recv, messages will be lost

1610976028438	geckodriver	INFO	Listening on 127.0.0.1:56873
1610976028442	mozrunner::runner	INFO	Running command: "/usr/bin/firefox" "--marionette" "-foreground" "-no-remote" "-profile" "/tmp/rust_mozprofilemfsA1p"
console.warn: SearchSettings: "get: No settings file exists, new profile?" (new Error("", "(unknown module)"))
1610976030709	Marionette	INFO	Listening on port 38973
1610976030784	Marionette	WARN	TLS certificate errors will be ignored for this session
1610976068226	Marionette	INFO	Stopped listening on port 38973

###!!! [Parent][RunMessage] Error: Channel closing: too late to send/recv, messages will be lost

1610976070836	geckodriver	INFO	Listening on 127.0.0.1:58449
1610976070841	mozrunner::runner	INFO	Running command: "/usr/bin/firefox" "--marionette" "-foreground" "-no-remote" "-profile" "/tmp/rust_mozprofileALUNYp"
console.warn: SearchSettings: "get: No settings file exists, new profile?" (new Error("", "(unknown module)"))
1610976073415	Marionette	INFO	Listening on port 36957
1610976073478	Marionette	WARN	TLS certificate errors will be ignored for this session
1610976162258	geckodriver	INFO	Listening on 127.0.0.1:50367
1610976162263	mozrunner::runner	INFO	Running command: "/usr/bin/firefox" "--marionette" "-foreground" "-no-remote" "-profile" "/tmp/rust_mozprofileL1vyNV"
console.warn: SearchSettings: "get: No settings file exists, new profile?" (new Error("", "(unknown module)"))
1610976164917	Marionette	INFO	Listening on port 45083
1610976165014	Marionette	WARN	TLS certificate errors will be ignored for this session
console.error: (new TypeError("container.node.targetFront is null", "resource://devtools/client/inspector/markup/markup.js", 2252))
console.error: (new TypeError("container.node.targetFront is null", "resource://devtools/client/inspector/markup/markup.js", 2252))
JavaScript error: https://www.instagram.com/static/bundles/es6/Consumer.js/7bfd6294ba7d.js, line 856: TypeError: this.props is undefined
Handler function threw an exception: [Exception... "Component returned failure code: 0x80040111 (NS_ERROR_NOT_AVAILABLE) [nsIHttpChannelInternal.remoteAddress]"  nsresult: "0x80040111 (NS_ERROR_NOT_AVAILABLE)"  location: "JS frame :: resource://devtools/server/actors/network-monitor/network-observer.js :: _onResponseHeader :: line 1163"  data: no]
Stack: _onResponseHeader@resource://devtools/server/actors/network-monitor/network-observer.js:1163:5
_dispatchActivity@resource://devtools/server/actors/network-monitor/network-observer.js:629:14
NetworkObserver.prototype.observeActivity<@resource://devtools/server/actors/network-monitor/network-observer.js:738:12
exports.makeInfallible/<@resource://devtools/shared/ThreadSafeDevToolsUtils.js:103:22
Line: 1163, column: 0
console.error: ({})
Handler function threw an exception: TypeError: undefined has no properties
Stack: _getWaitTiming@resource://devtools/server/actors/network-monitor/network-observer.js:1262:1
_setupHarTimings@resource://devtools/server/actors/network-monitor/network-observer.js:1487:28
_onTransactionClose@resource://devtools/server/actors/network-monitor/network-observer.js:1210:27
_dispatchActivity@resource://devtools/server/actors/network-monitor/network-observer.js:632:14
NetworkObserver.prototype.observeActivity<@resource://devtools/server/actors/network-monitor/network-observer.js:738:12
exports.makeInfallible/<@resource://devtools/shared/ThreadSafeDevToolsUtils.js:103:22
Line: 1262, column: 1
console.error: (new TypeError("undefined has no properties", "resource://devtools/server/actors/network-monitor/network-observer.js", 1262))
1610976343401	geckodriver	INFO	Listening on 127.0.0.1:48965
1610976343405	mozrunner::runner	INFO	Running command: "/usr/bin/firefox" "--marionette" "-foreground" "-no-remote" "-profile" "/tmp/rust_mozprofileqmVQ1I"
console.warn: SearchSettings: "get: No settings file exists, new profile?" (new Error("", "(unknown module)"))
1610976345880	Marionette	INFO	Listening on port 37229
1610976345944	Marionette	WARN	TLS certificate errors will be ignored for this session
1610976378741	Marionette	INFO	Stopped listening on port 37229

###!!! [Parent][RunMessage] Error: Channel closing: too late to send/recv, messages will be lost

1610976383962	geckodriver	INFO	Listening on 127.0.0.1:56259
1610976383967	mozrunner::runner	INFO	Running command: "/usr/bin/firefox" "--marionette" "-foreground" "-no-remote" "-profile" "/tmp/rust_mozprofilesdWQtz"
console.warn: SearchSettings: "get: No settings file exists, new profile?" (new Error("", "(unknown module)"))
1610976386320	Marionette	INFO	Listening on port 40769
1610976386404	Marionette	WARN	TLS certificate errors will be ignored for this session
1610977089495	Marionette	INFO	Stopped listening on port 40769

###!!! [Parent][RunMessage] Error: Channel closing: too late to send/recv, messages will be lost

1610977095342	geckodriver	INFO	Listening on 127.0.0.1:48267
1610977095346	mozrunner::runner	INFO	Running command: "/usr/bin/firefox" "--marionette" "-foreground" "-no-remote" "-profile" "/tmp/rust_mozprofiletLJPOx"
console.warn: SearchSettings: "get: No settings file exists, new profile?" (new Error("", "(unknown module)"))
1610977097954	Marionette	INFO	Listening on port 46349
1610977098076	Marionette	WARN	TLS certificate errors will be ignored for this session
JavaScript error: resource://devtools/client/framework/devtools.js, line 730: TypeError: inspector is undefined
1610977202360	geckodriver	INFO	Listening on 127.0.0.1:54115
1610977202364	mozrunner::runner	INFO	Running command: "/usr/bin/firefox" "--marionette" "-foreground" "-no-remote" "-profile" "/tmp/rust_mozprofileCuX9ig"
console.warn: SearchSettings: "get: No settings file exists, new profile?" (new Error("", "(unknown module)"))
1610977204693	Marionette	INFO	Listening on port 39173
1610977204801	Marionette	WARN	TLS certificate errors will be ignored for this session
1610977210936	Marionette	INFO	Stopped listening on port 46349

###!!! [Parent][RunMessage] Error: Channel closing: too late to send/recv, messages will be lost

1610977221710	Marionette	WARN	TimedPromise timed out after 500 ms: stacktrace:
TimedPromise/<@chrome://marionette/content/sync.js:235:19
TimedPromise@chrome://marionette/content/sync.js:220:10
interaction.flushEventLoop@chrome://marionette/content/interaction.js:418:10
webdriverClickElement@chrome://marionette/content/interaction.js:179:31
console.error: (new TypeError("parent is null", "resource://devtools/client/inspector/shared/style-change-tracker.js", 67))
TypeError: parent is null: canMutationImpactCurrentStyles@resource://devtools/client/inspector/shared/style-change-tracker.js:67:24
onMutations@resource://devtools/client/inspector/shared/style-change-tracker.js:84:41
_emit@resource://devtools/shared/event-emitter.js:226:34
emit@resource://devtools/shared/event-emitter.js:172:18
emit@resource://devtools/shared/event-emitter.js:324:18
getMutations@resource://devtools/client/fronts/walker.js:405:10

console.error: (new TypeError("container.node.targetFront is null", "resource://devtools/client/inspector/markup/markup.js", 2252))
console.error: (new TypeError("container.node.targetFront is null", "resource://devtools/client/inspector/markup/markup.js", 2252))
1610977333921	Marionette	INFO	Stopped listening on port 39173

###!!! [Parent][RunMessage] Error: Channel closing: too late to send/recv, messages will be lost

1610977412960	geckodriver	INFO	Listening on 127.0.0.1:33167
1610977412968	mozrunner::runner	INFO	Running command: "/usr/bin/firefox" "--marionette" "-foreground" "-no-remote" "-profile" "/tmp/rust_mozprofileyTTp2G"
console.warn: SearchSettings: "get: No settings file exists, new profile?" (new Error("", "(unknown module)"))
1610977415316	Marionette	INFO	Listening on port 45123
1610977415405	Marionette	WARN	TLS certificate errors will be ignored for this session
1610977432226	Marionette	WARN	TimedPromise timed out after 500 ms: stacktrace:
TimedPromise/<@chrome://marionette/content/sync.js:235:19
TimedPromise@chrome://marionette/content/sync.js:220:10
interaction.flushEventLoop@chrome://marionette/content/interaction.js:418:10
webdriverClickElement@chrome://marionette/content/interaction.js:179:31
1610977578755	geckodriver	INFO	Listening on 127.0.0.1:57417
1610977578760	mozrunner::runner	INFO	Running command: "/usr/bin/firefox" "--marionette" "-foreground" "-no-remote" "-profile" "/tmp/rust_mozprofile4wEOtq"
console.warn: SearchSettings: "get: No settings file exists, new profile?" (new Error("", "(unknown module)"))
1610977581177	Marionette	INFO	Listening on port 39159
1610977581289	Marionette	WARN	TLS certificate errors will be ignored for this session
1610977588253	Marionette	INFO	Stopped listening on port 45123

###!!! [Parent][RunMessage] Error: Channel closing: too late to send/recv, messages will be lost

1610977598256	Marionette	WARN	TimedPromise timed out after 500 ms: stacktrace:
TimedPromise/<@chrome://marionette/content/sync.js:235:19
TimedPromise@chrome://marionette/content/sync.js:220:10
interaction.flushEventLoop@chrome://marionette/content/interaction.js:418:10
webdriverClickElement@chrome://marionette/content/interaction.js:179:31
console.error: (new TypeError("parent is null", "resource://devtools/client/inspector/shared/style-change-tracker.js", 67))
TypeError: parent is null: canMutationImpactCurrentStyles@resource://devtools/client/inspector/shared/style-change-tracker.js:67:24
onMutations@resource://devtools/client/inspector/shared/style-change-tracker.js:84:41
_emit@resource://devtools/shared/event-emitter.js:226:34
emit@resource://devtools/shared/event-emitter.js:172:18
emit@resource://devtools/shared/event-emitter.js:324:18
getMutations@resource://devtools/client/fronts/walker.js:405:10

1610977693555	geckodriver	INFO	Listening on 127.0.0.1:39739
1610977693559	mozrunner::runner	INFO	Running command: "/usr/bin/firefox" "--marionette" "-foreground" "-no-remote" "-profile" "/tmp/rust_mozprofilegGGbpf"
console.warn: SearchSettings: "get: No settings file exists, new profile?" (new Error("", "(unknown module)"))
1610977696048	Marionette	INFO	Listening on port 35869
1610977696098	Marionette	WARN	TLS certificate errors will be ignored for this session
1610977703143	Marionette	INFO	Stopped listening on port 39159

###!!! [Parent][RunMessage] Error: Channel closing: too late to send/recv, messages will be lost

1610977713051	Marionette	WARN	TimedPromise timed out after 500 ms: stacktrace:
TimedPromise/<@chrome://marionette/content/sync.js:235:19
TimedPromise@chrome://marionette/content/sync.js:220:10
interaction.flushEventLoop@chrome://marionette/content/interaction.js:418:10
webdriverClickElement@chrome://marionette/content/interaction.js:179:31
1610977723543	Marionette	INFO	Stopped listening on port 35869

###!!! [Parent][RunMessage] Error: Channel closing: too late to send/recv, messages will be lost

1610977786263	geckodriver	INFO	Listening on 127.0.0.1:50833
1610977786267	mozrunner::runner	INFO	Running command: "/usr/bin/firefox" "--marionette" "-foreground" "-no-remote" "-profile" "/tmp/rust_mozprofilebfwtJM"
console.warn: SearchSettings: "get: No settings file exists, new profile?" (new Error("", "(unknown module)"))
1610977788941	Marionette	INFO	Listening on port 44049
1610977789010	Marionette	WARN	TLS certificate errors will be ignored for this session
1610977793915	Marionette	INFO	Stopped listening on port 36957

###!!! [Parent][RunMessage] Error: Channel closing: too late to send/recv, messages will be lost

JavaScript error: https://www.instagram.com/static/bundles/es6/Consumer.js/7bfd6294ba7d.js, line 856: TypeError: this.props is undefined
1610977795679	Marionette	INFO	Stopped listening on port 45083

###!!! [Parent][RunMessage] Error: Channel closing: too late to send/recv, messages will be lost

1610977806043	Marionette	WARN	TimedPromise timed out after 500 ms: stacktrace:
TimedPromise/<@chrome://marionette/content/sync.js:235:19
TimedPromise@chrome://marionette/content/sync.js:220:10
interaction.flushEventLoop@chrome://marionette/content/interaction.js:418:10
webdriverClickElement@chrome://marionette/content/interaction.js:179:31
1610977848814	Marionette	INFO	Stopped listening on port 44049

###!!! [Parent][RunMessage] Error: Channel closing: too late to send/recv, messages will be lost

1610977850953	geckodriver	INFO	Listening on 127.0.0.1:56437
1610977850959	mozrunner::runner	INFO	Running command: "/usr/bin/firefox" "--marionette" "-foreground" "-no-remote" "-profile" "/tmp/rust_mozprofile1NAbtC"
console.warn: SearchSettings: "get: No settings file exists, new profile?" (new Error("", "(unknown module)"))
1610977853341	Marionette	INFO	Listening on port 45495
1610977853406	Marionette	WARN	TLS certificate errors will be ignored for this session
1610977871668	Marionette	WARN	TimedPromise timed out after 500 ms: stacktrace:
TimedPromise/<@chrome://marionette/content/sync.js:235:19
TimedPromise@chrome://marionette/content/sync.js:220:10
interaction.flushEventLoop@chrome://marionette/content/interaction.js:418:10
webdriverClickElement@chrome://marionette/content/interaction.js:179:31
JavaScript error: https://www.instagram.com/static/bundles/es6/oz-player.main.js/7dced560a8e6.js, line 28: NotSupportedError: MediaSource.addSourceBuffer: Can't play type
JavaScript error: https://www.instagram.com/static/bundles/es6/oz-player.main.js/7dced560a8e6.js, line 28: NotSupportedError: MediaSource.addSourceBuffer: Can't play type
JavaScript error: https://www.instagram.com/static/bundles/es6/oz-player.main.js/7dced560a8e6.js, line 28: NotSupportedError: MediaSource.addSourceBuffer: Can't play type
JavaScript error: https://www.instagram.com/static/bundles/es6/oz-player.main.js/7dced560a8e6.js, line 28: NotSupportedError: MediaSource.addSourceBuffer: Can't play type
JavaScript error: https://www.instagram.com/static/bundles/es6/oz-player.main.js/7dced560a8e6.js, line 28: NotSupportedError: MediaSource.addSourceBuffer: Can't play type
JavaScript error: https://www.instagram.com/static/bundles/es6/oz-player.main.js/7dced560a8e6.js, line 28: NotSupportedError: MediaSource.addSourceBuffer: Can't play type
JavaScript error: https://www.instagram.com/static/bundles/es6/oz-player.main.js/7dced560a8e6.js, line 28: NotSupportedError: MediaSource.addSourceBuffer: Can't play type
JavaScript error: https://www.instagram.com/static/bundles/es6/oz-player.main.js/7dced560a8e6.js, line 28: NotSupportedError: MediaSource.addSourceBuffer: Can't play type
JavaScript error: https://www.instagram.com/static/bundles/es6/oz-player.main.js/7dced560a8e6.js, line 28: NotSupportedError: MediaSource.addSourceBuffer: Can't play type
JavaScript error: https://www.instagram.com/static/bundles/es6/oz-player.main.js/7dced560a8e6.js, line 28: NotSupportedError: MediaSource.addSourceBuffer: Can't play type
JavaScript error: https://www.instagram.com/static/bundles/es6/oz-player.main.js/7dced560a8e6.js, line 28: NotSupportedError: MediaSource.addSourceBuffer: Can't play type
JavaScript error: https://www.instagram.com/static/bundles/es6/oz-player.main.js/7dced560a8e6.js, line 28: NotSupportedError: MediaSource.addSourceBuffer: Can't play type
JavaScript error: https://www.instagram.com/static/bundles/es6/oz-player.main.js/7dced560a8e6.js, line 28: NotSupportedError: MediaSource.addSourceBuffer: Can't play type
JavaScript error: https://www.instagram.com/static/bundles/es6/oz-player.main.js/7dced560a8e6.js, line 28: NotSupportedError: MediaSource.addSourceBuffer: Can't play type
JavaScript error: https://www.instagram.com/static/bundles/es6/oz-player.main.js/7dced560a8e6.js, line 28: NotSupportedError: MediaSource.addSourceBuffer: Can't play type
JavaScript error: https://www.instagram.com/static/bundles/es6/oz-player.main.js/7dced560a8e6.js, line 28: NotSupportedError: MediaSource.addSourceBuffer: Can't play type
1610977938173	Marionette	INFO	Stopped listening on port 45495

###!!! [Parent][RunMessage] Error: Channel closing: too late to send/recv, messages will be lost

1610977941698	geckodriver	INFO	Listening on 127.0.0.1:55595
1610977941703	mozrunner::runner	INFO	Running command: "/usr/bin/firefox" "--marionette" "-foreground" "-no-remote" "-profile" "/tmp/rust_mozprofileiL5GhW"
console.warn: SearchSettings: "get: No settings file exists, new profile?" (new Error("", "(unknown module)"))
1610977944290	Marionette	INFO	Listening on port 36321
1610977944340	Marionette	WARN	TLS certificate errors will be ignored for this session
1610977961782	Marionette	WARN	TimedPromise timed out after 500 ms: stacktrace:
TimedPromise/<@chrome://marionette/content/sync.js:235:19
TimedPromise@chrome://marionette/content/sync.js:220:10
interaction.flushEventLoop@chrome://marionette/content/interaction.js:418:10
webdriverClickElement@chrome://marionette/content/interaction.js:179:31
1610977995627	Marionette	INFO	Stopped listening on port 36321
1610978062853	geckodriver	INFO	Listening on 127.0.0.1:48749
1610978062857	mozrunner::runner	INFO	Running command: "/usr/bin/firefox" "--marionette" "-foreground" "-no-remote" "-profile" "/tmp/rust_mozprofilexzFnJ8"
console.warn: SearchSettings: "get: No settings file exists, new profile?" (new Error("", "(unknown module)"))
1610978091447	geckodriver	INFO	Listening on 127.0.0.1:60435
1610978091452	mozrunner::runner	INFO	Running command: "/usr/bin/firefox" "--marionette" "-foreground" "-no-remote" "-profile" "/tmp/rust_mozprofileAzS9TB"
console.warn: SearchSettings: "get: No settings file exists, new profile?" (new Error("", "(unknown module)"))
1610978094163	Marionette	INFO	Listening on port 46809
1610978094282	Marionette	WARN	TLS certificate errors will be ignored for this session
1610978111170	Marionette	WARN	TimedPromise timed out after 500 ms: stacktrace:
TimedPromise/<@chrome://marionette/content/sync.js:235:19
TimedPromise@chrome://marionette/content/sync.js:220:10
interaction.flushEventLoop@chrome://marionette/content/interaction.js:418:10
webdriverClickElement@chrome://marionette/content/interaction.js:179:31
1610978138132	Marionette	INFO	Stopped listening on port 46809

###!!! [Parent][RunMessage] Error: Channel closing: too late to send/recv, messages will be lost

1610978174335	geckodriver	INFO	Listening on 127.0.0.1:34137
1610978174339	mozrunner::runner	INFO	Running command: "/usr/bin/firefox" "--marionette" "-foreground" "-no-remote" "-profile" "/tmp/rust_mozprofileoHa2Th"
console.warn: SearchSettings: "get: No settings file exists, new profile?" (new Error("", "(unknown module)"))
1610978176837	Marionette	INFO	Listening on port 40621
1610978176890	Marionette	WARN	TLS certificate errors will be ignored for this session
1610978193877	Marionette	WARN	TimedPromise timed out after 500 ms: stacktrace:
TimedPromise/<@chrome://marionette/content/sync.js:235:19
TimedPromise@chrome://marionette/content/sync.js:220:10
interaction.flushEventLoop@chrome://marionette/content/interaction.js:418:10
webdriverClickElement@chrome://marionette/content/interaction.js:179:31
1610978267405	Marionette	INFO	Stopped listening on port 40621
1610978324694	geckodriver	INFO	Listening on 127.0.0.1:42623
1610978324699	mozrunner::runner	INFO	Running command: "/usr/bin/firefox" "--marionette" "-foreground" "-no-remote" "-profile" "/tmp/rust_mozprofilerR8ke7"
console.warn: SearchSettings: "get: No settings file exists, new profile?" (new Error("", "(unknown module)"))
1610978327273	Marionette	INFO	Listening on port 38229
1610978327333	Marionette	WARN	TLS certificate errors will be ignored for this session
1610978343970	Marionette	WARN	TimedPromise timed out after 500 ms: stacktrace:
TimedPromise/<@chrome://marionette/content/sync.js:235:19
TimedPromise@chrome://marionette/content/sync.js:220:10
interaction.flushEventLoop@chrome://marionette/content/interaction.js:418:10
webdriverClickElement@chrome://marionette/content/interaction.js:179:31
JavaScript error: https://www.instagram.com/static/bundles/es6/oz-player.main.js/7dced560a8e6.js, line 28: NotSupportedError: MediaSource.addSourceBuffer: Can't play type
JavaScript error: https://www.instagram.com/static/bundles/es6/oz-player.main.js/7dced560a8e6.js, line 28: NotSupportedError: MediaSource.addSourceBuffer: Can't play type
JavaScript error: https://www.instagram.com/static/bundles/es6/oz-player.main.js/7dced560a8e6.js, line 28: NotSupportedError: MediaSource.addSourceBuffer: Can't play type
JavaScript error: https://www.instagram.com/static/bundles/es6/oz-player.main.js/7dced560a8e6.js, line 28: NotSupportedError: MediaSource.addSourceBuffer: Can't play type
1610978392440	Marionette	INFO	Stopped listening on port 38229

###!!! [Parent][RunMessage] Error: Channel closing: too late to send/recv, messages will be lost

1610978524314	geckodriver	INFO	Listening on 127.0.0.1:56275
1610978524325	mozrunner::runner	INFO	Running command: "/usr/bin/firefox" "--marionette" "-foreground" "-no-remote" "-profile" "/tmp/rust_mozprofileqsQbar"
console.warn: SearchSettings: "get: No settings file exists, new profile?" (new Error("", "(unknown module)"))
1610978528080	Marionette	INFO	Listening on port 34995
1610978528251	Marionette	WARN	TLS certificate errors will be ignored for this session
1610978547697	Marionette	WARN	TimedPromise timed out after 500 ms: stacktrace:
TimedPromise/<@chrome://marionette/content/sync.js:235:19
TimedPromise@chrome://marionette/content/sync.js:220:10
interaction.flushEventLoop@chrome://marionette/content/interaction.js:418:10
webdriverClickElement@chrome://marionette/content/interaction.js:179:31
JavaScript error: https://www.instagram.com/static/bundles/es6/oz-player.main.js/7dced560a8e6.js, line 28: NotSupportedError: MediaSource.addSourceBuffer: Can't play type
JavaScript error: https://www.instagram.com/static/bundles/es6/oz-player.main.js/7dced560a8e6.js, line 28: NotSupportedError: MediaSource.addSourceBuffer: Can't play type
JavaScript error: https://www.instagram.com/static/bundles/es6/oz-player.main.js/7dced560a8e6.js, line 28: NotSupportedError: MediaSource.addSourceBuffer: Can't play type
JavaScript error: https://www.instagram.com/static/bundles/es6/oz-player.main.js/7dced560a8e6.js, line 28: NotSupportedError: MediaSource.addSourceBuffer: Can't play type
Marionette threw an error: TypeError: browsingContextFn().currentWindowGlobal is null
getMarionetteCommandsActorProxy/get/<@chrome://marionette/content/actors/MarionetteCommandsParent.jsm:330:29

1610978607319	Marionette	INFO	Stopped listening on port 34995

###!!! [Parent][RunMessage] Error: Channel closing: too late to send/recv, messages will be lost

1611142154090	geckodriver	INFO	Listening on 127.0.0.1:58691
1611142155092	mozrunner::runner	INFO	Running command: "/usr/bin/firefox" "--marionette" "-foreground" "-no-remote" "-profile" "/tmp/rust_mozprofileCNTt41"
console.warn: SearchSettings: "get: No settings file exists, new profile?" (new Error("", "(unknown module)"))
1611142159169	Marionette	INFO	Listening on port 33263
1611142159251	Marionette	WARN	TLS certificate errors will be ignored for this session
1611142177198	Marionette	WARN	TimedPromise timed out after 500 ms: stacktrace:
TimedPromise/<@chrome://marionette/content/sync.js:235:19
TimedPromise@chrome://marionette/content/sync.js:220:10
interaction.flushEventLoop@chrome://marionette/content/interaction.js:418:10
webdriverClickElement@chrome://marionette/content/interaction.js:179:31
Marionette threw an error: TypeError: browsingContextFn().currentWindowGlobal is null
getMarionetteCommandsActorProxy/get/<@chrome://marionette/content/actors/MarionetteCommandsParent.jsm:330:29

1611142213631	Marionette	INFO	Stopped listening on port 33263

###!!! [Parent][RunMessage] Error: Channel closing: too late to send/recv, messages will be lost

1611145212621	geckodriver	INFO	Listening on 127.0.0.1:44377
1611145212627	mozrunner::runner	INFO	Running command: "/usr/bin/firefox" "--marionette" "-foreground" "-no-remote" "-profile" "/tmp/rust_mozprofiledjhI6e"
console.warn: SearchSettings: "get: No settings file exists, new profile?" (new Error("", "(unknown module)"))
1611145216384	Marionette	INFO	Listening on port 44683
1611145216481	Marionette	WARN	TLS certificate errors will be ignored for this session
JavaScript error: resource://activity-stream/lib/ASRouter.jsm, line 987: NS_ERROR_ILLEGAL_VALUE: Component returned failure code: 0x80070057 (NS_ERROR_ILLEGAL_VALUE) [nsIObserverService.removeObserver]
1611145217781	Marionette	INFO	Stopped listening on port 44683

###!!! [Parent][RunMessage] Error: Channel closing: too late to send/recv, messages will be lost

1611145233495	geckodriver	INFO	Listening on 127.0.0.1:50431
1611145233502	mozrunner::runner	INFO	Running command: "/usr/bin/firefox" "--marionette" "-foreground" "-no-remote" "-profile" "/tmp/rust_mozprofilekAUIRN"
console.warn: SearchSettings: "get: No settings file exists, new profile?" (new Error("", "(unknown module)"))
1611145237341	Marionette	INFO	Listening on port 43769
1611145237456	Marionette	WARN	TLS certificate errors will be ignored for this session
Marionette threw an error: TypeError: browsingContextFn().currentWindowGlobal is null
getMarionetteCommandsActorProxy/get/<@chrome://marionette/content/actors/MarionetteCommandsParent.jsm:330:29

1611145269047	geckodriver	INFO	Listening on 127.0.0.1:44509
1611145269053	mozrunner::runner	INFO	Running command: "/usr/bin/firefox" "--marionette" "-foreground" "-no-remote" "-profile" "/tmp/rust_mozprofileZwJE7S"
1611145271151	Marionette	INFO	Stopped listening on port 43769

###!!! [Parent][RunMessage] Error: Channel closing: too late to send/recv, messages will be lost

console.warn: SearchSettings: "get: No settings file exists, new profile?" (new Error("", "(unknown module)"))
1611145273250	Marionette	INFO	Listening on port 41127
1611145273313	Marionette	WARN	TLS certificate errors will be ignored for this session
1611145291269	Marionette	WARN	TimedPromise timed out after 500 ms: stacktrace:
TimedPromise/<@chrome://marionette/content/sync.js:235:19
TimedPromise@chrome://marionette/content/sync.js:220:10
interaction.flushEventLoop@chrome://marionette/content/interaction.js:418:10
webdriverClickElement@chrome://marionette/content/interaction.js:179:31
1611145320517	Marionette	INFO	Stopped listening on port 41127

###!!! [Parent][RunMessage] Error: Channel closing: too late to send/recv, messages will be lost

1611145402697	geckodriver	INFO	Listening on 127.0.0.1:54715
1611145402704	mozrunner::runner	INFO	Running command: "/usr/bin/firefox" "--marionette" "-foreground" "-no-remote" "-profile" "/tmp/rust_mozprofileEIRKLO"
console.warn: SearchSettings: "get: No settings file exists, new profile?" (new Error("", "(unknown module)"))
1611145406621	Marionette	INFO	Listening on port 42727
1611145406752	Marionette	WARN	TLS certificate errors will be ignored for this session
1611145424386	Marionette	WARN	TimedPromise timed out after 500 ms: stacktrace:
TimedPromise/<@chrome://marionette/content/sync.js:235:19
TimedPromise@chrome://marionette/content/sync.js:220:10
interaction.flushEventLoop@chrome://marionette/content/interaction.js:418:10
webdriverClickElement@chrome://marionette/content/interaction.js:179:31
1611145471770	Marionette	INFO	Stopped listening on port 42727

###!!! [Parent][RunMessage] Error: Channel closing: too late to send/recv, messages will be lost

